<?xml version="1.0" encoding="UTF-8"?>
<testng-results ignored="0" total="1" passed="1" failed="0" skipped="0">
  <reporter-output>
  </reporter-output>
  <suite started-at="2024-04-28T13:31:51 IST" name="Default suite" finished-at="2024-04-28T13:32:03 IST" duration-ms="12319">
    <groups>
    </groups>
    <test started-at="2024-04-28T13:31:51 IST" name="Default test" finished-at="2024-04-28T13:32:03 IST" duration-ms="12319">
      <class name="frameworkscript.TrelloCreateAndDeleteTheBoard">
        <test-method is-config="true" signature="precondition()[pri:0, instance:frameworkscript.TrelloCreateAndDeleteTheBoard@22ef9844]" started-at="2024-04-28T13:31:51 IST" name="precondition" finished-at="2024-04-28T13:31:57 IST" duration-ms="6238" status="PASS">
          <reporter-output>
          </reporter-output>
        </test-method> <!-- precondition -->
        <test-method signature="checkWhetherTheEndUserCanLogin_CreateTheBoard_DeleteTheBoard_LogoutFromTrello()[pri:0, instance:frameworkscript.TrelloCreateAndDeleteTheBoard@22ef9844]" started-at="2024-04-28T13:31:57 IST" name="checkWhetherTheEndUserCanLogin_CreateTheBoard_DeleteTheBoard_LogoutFromTrello" finished-at="2024-04-28T13:32:03 IST" duration-ms="5612" status="PASS">
          <reporter-output>
          </reporter-output>
        </test-method> <!-- checkWhetherTheEndUserCanLogin_CreateTheBoard_DeleteTheBoard_LogoutFromTrello -->
        <test-method is-config="true" signature="postcondition()[pri:0, instance:frameworkscript.TrelloCreateAndDeleteTheBoard@22ef9844]" started-at="2024-04-28T13:32:03 IST" name="postcondition" finished-at="2024-04-28T13:32:03 IST" duration-ms="448" status="PASS">
          <reporter-output>
          </reporter-output>
        </test-method> <!-- postcondition -->
      </class> <!-- frameworkscript.TrelloCreateAndDeleteTheBoard -->
    </test> <!-- Default test -->
  </suite> <!-- Default suite -->
</testng-results>
